Using launch settings from D:\Admin\Documents\4P1W_DOLLENTE_PEDRINA_VALENCIA\PF_Project_4P1W_DOLLENTE_PEDRINA_VALENCIA\resource-api\Properties\launchSettings.json...
Building...
info: Microsoft.EntityFrameworkCore.Update[30100]
      Saved 0 entities to in-memory store.
info: Microsoft.EntityFrameworkCore.Update[30100]
      Saved 14 entities to in-memory store.
warn: Microsoft.AspNetCore.StaticFiles.StaticFileMiddleware[16]
      The WebRootPath was not found: D:\Admin\Documents\4P1W_DOLLENTE_PEDRINA_VALENCIA\PF_Project_4P1W_DOLLENTE_PEDRINA_VALENCIA\resource-api\wwwroot. Static files may be unavailable.
info: Microsoft.Hosting.Lifetime[14]
      Now listening on: http://localhost:5021
info: Microsoft.Hosting.Lifetime[0]
      Application started. Press Ctrl+C to shut down.
info: Microsoft.Hosting.Lifetime[0]
      Hosting environment: Development
info: Microsoft.Hosting.Lifetime[0]
      Content root path: D:\Admin\Documents\4P1W_DOLLENTE_PEDRINA_VALENCIA\PF_Project_4P1W_DOLLENTE_PEDRINA_VALENCIA\resource-api
info: Microsoft.EntityFrameworkCore.Update[30100]
      Saved 2 entities to in-memory store.
info: Microsoft.EntityFrameworkCore.Update[30100]
      Saved 1 entities to in-memory store.
